Using pre-set license
Built from '2020.3/staging' branch; Version is '2020.3.39f1 (fd6670bb8be9) revision 16606832'; Using compiler version '192528614'; Build Type 'Release'
OS: 'Windows 10  (10.0.19044) 64bit Professional' Language: 'ru' Physical Memory: 61292 MB
BatchMode: 1, IsHumanControllingUs: 0, StartBugReporterOnCrash: 0, Is64bit: 1, IsPro: 0

COMMAND LINE ARGUMENTS:
C:\Program Files\Unity\Hub\Editor\2020.3.39f1\Editor\Unity.exe
-adb2
-batchMode
-noUpm
-name
AssetImportWorker0
-projectPath
A:/CODE/SkillFactory/3D_Adventure_MasBen
-logFile
Logs/AssetImportWorker0.log
-srvPort
54561
Successfully changed project path to: A:/CODE/SkillFactory/3D_Adventure_MasBen
A:/CODE/SkillFactory/3D_Adventure_MasBen
Using Asset Import Pipeline V2.
Refreshing native plugins compatible for Editor in 92.29 ms, found 2 plugins.
Preloading 0 native plugins for Editor in 0.00 ms.
Initialize engine version: 2020.3.39f1 (fd6670bb8be9)
[Subsystems] Discovering subsystems at path C:/Program Files/Unity/Hub/Editor/2020.3.39f1/Editor/Data/Resources/UnitySubsystems
[Subsystems] Discovering subsystems at path A:/CODE/SkillFactory/3D_Adventure_MasBen/Assets
GfxDevice: creating device client; threaded=0
Direct3D:
    Version:  Direct3D 11.0 [level 11.1]
    Renderer: NVIDIA GeForce RTX 3060 Laptop GPU (ID=0x2560)
    Vendor:   
    VRAM:     6023 MB
    Driver:   30.0.15.1236
Initialize mono
Mono path[0] = 'C:/Program Files/Unity/Hub/Editor/2020.3.39f1/Editor/Data/Managed'
Mono path[1] = 'C:/Program Files/Unity/Hub/Editor/2020.3.39f1/Editor/Data/MonoBleedingEdge/lib/mono/unityjit'
Mono config path = 'C:/Program Files/Unity/Hub/Editor/2020.3.39f1/Editor/Data/MonoBleedingEdge/etc'
Using monoOptions --debugger-agent=transport=dt_socket,embedding=1,server=y,suspend=n,address=127.0.0.1:56024
Begin MonoManager ReloadAssembly
Registering precompiled unity dll's ...
Register platform support module: C:/Program Files/Unity/Hub/Editor/2020.3.39f1/Editor/Data/PlaybackEngines/WindowsStandaloneSupport/UnityEditor.WindowsStandalone.Extensions.dll
Registered in 0.119830 seconds.
Native extension for WindowsStandalone target not found
Refreshing native plugins compatible for Editor in 50.16 ms, found 2 plugins.
Preloading 0 native plugins for Editor in 0.00 ms.
Mono: successfully reloaded assembly
- Completed reload, in  5.066 seconds
Domain Reload Profiling:
	ReloadAssembly (5066ms)
		BeginReloadAssembly (3797ms)
			ExecutionOrderSort (0ms)
			DisableScriptedObjects (0ms)
			BackupInstance (0ms)
			ReleaseScriptingObjects (0ms)
			CreateAndSetChildDomain (1ms)
		EndReloadAssembly (907ms)
			LoadAssemblies (3797ms)
			RebuildTransferFunctionScriptingTraits (0ms)
			SetupTypeCache (354ms)
			ReleaseScriptCaches (0ms)
			RebuildScriptCaches (43ms)
			SetupLoadedEditorAssemblies (344ms)
				LogAssemblyErrors (0ms)
				InitializePlatformSupportModulesInManaged (5ms)
				SetLoadedEditorAssemblies (0ms)
				RefreshPlugins (50ms)
				BeforeProcessingInitializeOnLoad (23ms)
				ProcessInitializeOnLoadAttributes (207ms)
				ProcessInitializeOnLoadMethodAttributes (58ms)
				AfterProcessingInitializeOnLoad (0ms)
				EditorAssembliesLoaded (0ms)
			ExecutionOrderSort2 (0ms)
			AwakeInstancesAfterBackupRestoration (0ms)
Platform modules already initialized, skipping
Registering precompiled user dll's ...
Registered in 0.883257 seconds.
Begin MonoManager ReloadAssembly
Native extension for WindowsStandalone target not found
Refreshing native plugins compatible for Editor in 0.42 ms, found 2 plugins.
Preloading 0 native plugins for Editor in 0.00 ms.
Mono: successfully reloaded assembly
- Completed reload, in  3.398 seconds
Domain Reload Profiling:
	ReloadAssembly (3404ms)
		BeginReloadAssembly (155ms)
			ExecutionOrderSort (0ms)
			DisableScriptedObjects (6ms)
			BackupInstance (0ms)
			ReleaseScriptingObjects (0ms)
			CreateAndSetChildDomain (23ms)
		EndReloadAssembly (3175ms)
			LoadAssemblies (1691ms)
			RebuildTransferFunctionScriptingTraits (0ms)
			SetupTypeCache (464ms)
			ReleaseScriptCaches (0ms)
			RebuildScriptCaches (33ms)
			SetupLoadedEditorAssemblies (948ms)
				LogAssemblyErrors (0ms)
				InitializePlatformSupportModulesInManaged (4ms)
				SetLoadedEditorAssemblies (0ms)
				RefreshPlugins (0ms)
				BeforeProcessingInitializeOnLoad (63ms)
				ProcessInitializeOnLoadAttributes (176ms)
				ProcessInitializeOnLoadMethodAttributes (701ms)
				AfterProcessingInitializeOnLoad (3ms)
				EditorAssembliesLoaded (0ms)
			ExecutionOrderSort2 (0ms)
			AwakeInstancesAfterBackupRestoration (2ms)
Platform modules already initialized, skipping
========================================================================
Worker process is ready to serve import requests
Launched and connected shader compiler UnityShaderCompiler.exe after 0.08 seconds
Refreshing native plugins compatible for Editor in 0.68 ms, found 2 plugins.
Preloading 0 native plugins for Editor in 0.00 ms.
Unloading 1595 Unused Serialized files (Serialized files now loaded: 0)
System memory in use before: 73.2 MB.
System memory in use after: 73.3 MB.

Unloading 16 unused Assets to reduce memory usage. Loaded Objects now: 2036.
Total: 2.393600 ms (FindLiveObjects: 0.133500 ms CreateObjectMapping: 0.037600 ms MarkObjects: 2.153000 ms  DeleteObjects: 0.068800 ms)

AssetImportParameters requested are different than current active one (requested -> active):
  custom:framework-win-MediaFoundation: 216162199b28c13a410421893ffa2e32 -> 
  custom:video-decoder-ogg-theora: a1e56fd34408186e4bbccfd4996cb3dc -> 
  custom:container-muxer-webm: aa71ff27fc2769a1b78a27578f13a17b -> 
  custom:container-demuxer-webm: 4f35f7cbe854078d1ac9338744f61a02 -> 
  custom:container-demuxer-ogg: 62fdf1f143b41e24485cea50d1cbac27 -> 
  custom:video-encoder-webm-vp8: eb34c28f22e8b96e1ab97ce403110664 -> 
  custom:video-decoder-webm-vp8: 9c59270c3fd7afecdb556c50c9e8de78 -> 
  custom:audio-decoder-ogg-vorbis: bf7c407c2cedff20999df2af8eb42d56 -> 
  custom:audio-encoder-webm-vorbis: bf7c407c2cedff20999df2af8eb42d56 -> 
========================================================================
Received Import Request.
  path: Assets/Ultimate Adventure 3D/Scripts/Key.cs
  artifactKey: Guid(c5261ec054aaa784982640dd174937a0) Importer(815301076,1909f56bfc062723c751e8b465ee728b)
Start importing Assets/Ultimate Adventure 3D/Scripts/Key.cs using Guid(c5261ec054aaa784982640dd174937a0) Importer(815301076,1909f56bfc062723c751e8b465ee728b)  -> (artifact id: 'd2540fa78a09e49402188fb0f13f5cf2') in 0.021645 seconds 
========================================================================
Received Import Request.
  Time since last request: 3550.469242 seconds.
  path: Assets/Ultimate Adventure 3D/Scripts/Нealing.cs
  artifactKey: Guid(85ddc2d77af75d649b8430af2a23f369) Importer(815301076,1909f56bfc062723c751e8b465ee728b)
Start importing Assets/Ultimate Adventure 3D/Scripts/Нealing.cs using Guid(85ddc2d77af75d649b8430af2a23f369) Importer(815301076,1909f56bfc062723c751e8b465ee728b)  -> (artifact id: '87e8fddc91e2df1eb8bd83711c630136') in 0.006860 seconds 
========================================================================
Received Import Request.
  Time since last request: 5740.208486 seconds.
  path: Assets/Ultimate Adventure 3D/UI/Coin.png
  artifactKey: Guid(eb6ae39de49696944b5d67d19a31c354) Importer(815301076,1909f56bfc062723c751e8b465ee728b)
Start importing Assets/Ultimate Adventure 3D/UI/Coin.png using Guid(eb6ae39de49696944b5d67d19a31c354) Importer(815301076,1909f56bfc062723c751e8b465ee728b)  -> (artifact id: 'd197dd3fb95ecd1ff1a081e5ca6db0f9') in 0.100752 seconds 
========================================================================
Received Import Request.
  Time since last request: 0.000150 seconds.
  path: Assets/Ultimate Adventure 3D/UI/Square.png
  artifactKey: Guid(3d187b485ce6faf4a9be0672632b50e5) Importer(815301076,1909f56bfc062723c751e8b465ee728b)
Start importing Assets/Ultimate Adventure 3D/UI/Square.png using Guid(3d187b485ce6faf4a9be0672632b50e5) Importer(815301076,1909f56bfc062723c751e8b465ee728b)  -> (artifact id: '70e49126962f922249ebb15bafd165f1') in 0.017335 seconds 
========================================================================
Received Import Request.
  Time since last request: 0.000166 seconds.
  path: Assets/Ultimate Adventure 3D/UI/Plane.png
  artifactKey: Guid(36478678b1b1ee64f9aaf1fb258ffb1b) Importer(815301076,1909f56bfc062723c751e8b465ee728b)
Start importing Assets/Ultimate Adventure 3D/UI/Plane.png using Guid(36478678b1b1ee64f9aaf1fb258ffb1b) Importer(815301076,1909f56bfc062723c751e8b465ee728b)  -> (artifact id: 'bfacc72ea75a0ef6d327c8b032e39189') in 0.018802 seconds 
========================================================================
Received Import Request.
  Time since last request: 0.000153 seconds.
  path: Assets/Ultimate Adventure 3D/UI/key_icon.png
  artifactKey: Guid(599f69398738b7e45b6d0dc71022e38a) Importer(815301076,1909f56bfc062723c751e8b465ee728b)
Start importing Assets/Ultimate Adventure 3D/UI/key_icon.png using Guid(599f69398738b7e45b6d0dc71022e38a) Importer(815301076,1909f56bfc062723c751e8b465ee728b)  -> (artifact id: '23301441ce4d79abc89bf11e1cf73827') in 0.020229 seconds 
========================================================================
Received Import Request.
  Time since last request: 0.000177 seconds.
  path: Assets/Ultimate Adventure 3D/UI/keyboard.png
  artifactKey: Guid(c522bc6b2fa87d442a0c1d88f60ef7d3) Importer(815301076,1909f56bfc062723c751e8b465ee728b)
Start importing Assets/Ultimate Adventure 3D/UI/keyboard.png using Guid(c522bc6b2fa87d442a0c1d88f60ef7d3) Importer(815301076,1909f56bfc062723c751e8b465ee728b)  -> (artifact id: '0a4d4ad82f7a7fe1b8a2e4b7900c35fd') in 0.020583 seconds 
========================================================================
Received Import Request.
  Time since last request: 0.000173 seconds.
  path: Assets/Ultimate Adventure 3D/UI/Heart.png
  artifactKey: Guid(361cd0638f095f14b820f8c7c71102f2) Importer(815301076,1909f56bfc062723c751e8b465ee728b)
Start importing Assets/Ultimate Adventure 3D/UI/Heart.png using Guid(361cd0638f095f14b820f8c7c71102f2) Importer(815301076,1909f56bfc062723c751e8b465ee728b)  -> (artifact id: '18a84dc21d6fcdfb59aca80a02fbe6be') in 0.024286 seconds 
========================================================================
Received Import Request.
  Time since last request: 0.000172 seconds.
  path: Assets/Ultimate Adventure 3D/UI/Termometr.png
  artifactKey: Guid(47c9128834194ab45948572f7e66fba6) Importer(815301076,1909f56bfc062723c751e8b465ee728b)
Start importing Assets/Ultimate Adventure 3D/UI/Termometr.png using Guid(47c9128834194ab45948572f7e66fba6) Importer(815301076,1909f56bfc062723c751e8b465ee728b)  -> (artifact id: '82484b863efd18f6c9d08e77f49dc591') in 0.023409 seconds 
========================================================================
Received Import Request.
  Time since last request: 97.420728 seconds.
  path: Assets/Ultimate Adventure 3D/UI
  artifactKey: Guid(acad227a820966f4082fac5ed68c0538) Importer(815301076,1909f56bfc062723c751e8b465ee728b)
Start importing Assets/Ultimate Adventure 3D/UI using Guid(acad227a820966f4082fac5ed68c0538) Importer(815301076,1909f56bfc062723c751e8b465ee728b)  -> (artifact id: '255f60288832411279713a1faf4fdb6f') in 0.007059 seconds 
========================================================================
Received Prepare
Registering precompiled user dll's ...
Registered in 0.002650 seconds.
Begin MonoManager ReloadAssembly
Native extension for WindowsStandalone target not found
Refreshing native plugins compatible for Editor in 1.97 ms, found 2 plugins.
Preloading 0 native plugins for Editor in 0.00 ms.
Mono: successfully reloaded assembly
- Completed reload, in  0.849 seconds
Domain Reload Profiling:
	ReloadAssembly (850ms)
		BeginReloadAssembly (127ms)
			ExecutionOrderSort (0ms)
			DisableScriptedObjects (4ms)
			BackupInstance (0ms)
			ReleaseScriptingObjects (0ms)
			CreateAndSetChildDomain (45ms)
		EndReloadAssembly (674ms)
			LoadAssemblies (91ms)
			RebuildTransferFunctionScriptingTraits (0ms)
			SetupTypeCache (213ms)
			ReleaseScriptCaches (1ms)
			RebuildScriptCaches (27ms)
			SetupLoadedEditorAssemblies (299ms)
				LogAssemblyErrors (0ms)
				InitializePlatformSupportModulesInManaged (12ms)
				SetLoadedEditorAssemblies (2ms)
				RefreshPlugins (6ms)
				BeforeProcessingInitializeOnLoad (96ms)
				ProcessInitializeOnLoadAttributes (169ms)
				ProcessInitializeOnLoadMethodAttributes (12ms)
				AfterProcessingInitializeOnLoad (3ms)
				EditorAssembliesLoaded (0ms)
			ExecutionOrderSort2 (0ms)
			AwakeInstancesAfterBackupRestoration (2ms)
Platform modules already initialized, skipping
Refreshing native plugins compatible for Editor in 0.41 ms, found 2 plugins.
Preloading 0 native plugins for Editor in 0.00 ms.
Unloading 1588 Unused Serialized files (Serialized files now loaded: 0)
System memory in use before: 76.1 MB.
System memory in use after: 76.2 MB.

Unloading 11 unused Assets to reduce memory usage. Loaded Objects now: 2050.
Total: 2.357900 ms (FindLiveObjects: 0.142000 ms CreateObjectMapping: 0.035800 ms MarkObjects: 2.155600 ms  DeleteObjects: 0.023400 ms)

AssetImportParameters requested are different than current active one (requested -> active):
  custom:framework-win-MediaFoundation: 216162199b28c13a410421893ffa2e32 -> 
  custom:video-decoder-ogg-theora: a1e56fd34408186e4bbccfd4996cb3dc -> 
  custom:container-muxer-webm: aa71ff27fc2769a1b78a27578f13a17b -> 
  custom:container-demuxer-webm: 4f35f7cbe854078d1ac9338744f61a02 -> 
  custom:container-demuxer-ogg: 62fdf1f143b41e24485cea50d1cbac27 -> 
  custom:video-encoder-webm-vp8: eb34c28f22e8b96e1ab97ce403110664 -> 
  custom:video-decoder-webm-vp8: 9c59270c3fd7afecdb556c50c9e8de78 -> 
  custom:audio-decoder-ogg-vorbis: bf7c407c2cedff20999df2af8eb42d56 -> 
  custom:audio-encoder-webm-vorbis: bf7c407c2cedff20999df2af8eb42d56 -> 
AssetImportWorkerClient::OnTransportError - code=2 error=End of file
